2025-11-05 18:22:48,591 - INFO - (5634, 2)
2025-11-05 18:22:48,591 - INFO - Started
2025-11-05 18:22:48,599 - INFO - Done
2025-11-05 18:22:48,599 - INFO -       MonthlyCharges_qt  TotalCharges_qt
2142          -0.147316        -0.038911
1623           0.995273         1.027297
6074          -0.963839        -2.013875
1362          -0.018820        -0.896799
6754          -0.184216        -1.521194
2025-11-05 18:22:48,612 - INFO - (5634, 2)
2025-11-05 18:22:48,612 - INFO - (1409, 2)
2025-11-05 18:22:48,612 - INFO - Started
2025-11-05 18:22:48,620 - INFO - Done
2025-11-05 18:22:48,620 - INFO -       MonthlyCharges_qt  TotalCharges_qt
185           -0.848075        -1.883744
2715          -0.783330        -0.207805
3825          -2.119668        -0.180580
1807           0.231828        -1.309557
132           -0.419741         0.547886
2025-11-05 18:22:48,620 - INFO - (1409, 2)
2025-11-05 18:24:31,088 - INFO - (5634, 2)
2025-11-05 18:24:31,089 - INFO - Started
2025-11-05 18:24:31,097 - INFO - Done
2025-11-05 18:24:31,097 - INFO -       MonthlyCharges_qt  TotalCharges_qt
2142          -0.147316        -0.038911
1623           0.995273         1.027297
6074          -0.963839        -2.013875
1362          -0.018820        -0.896799
6754          -0.184216        -1.521194
2025-11-05 18:24:31,105 - INFO - (5634, 2)
2025-11-05 18:24:31,105 - INFO - (1409, 2)
2025-11-05 18:24:31,105 - INFO - Started
2025-11-05 18:24:31,113 - INFO - Done
2025-11-05 18:24:31,113 - INFO -       MonthlyCharges_qt  TotalCharges_qt
185           -0.848075        -1.883744
2715          -0.783330        -0.207805
3825          -2.119668        -0.180580
1807           0.231828        -1.309557
132           -0.419741         0.547886
2025-11-05 18:24:31,117 - INFO - (1409, 2)
2025-11-05 18:29:19,061 - INFO - (5634, 2)
2025-11-05 18:29:19,061 - INFO - Started
2025-11-05 18:29:19,079 - INFO - Done
2025-11-05 18:29:19,080 - INFO -       MonthlyCharges_qt  TotalCharges_qt
2142          -0.147316        -0.038911
1623           0.995273         1.027297
6074          -0.963839        -2.013875
1362          -0.018820        -0.896799
6754          -0.184216        -1.521194
2025-11-05 18:29:19,083 - INFO - (5634, 2)
2025-11-05 18:29:19,083 - INFO - (1409, 2)
2025-11-05 18:29:19,083 - INFO - Started
2025-11-05 18:29:19,089 - INFO - Done
2025-11-05 18:29:19,089 - INFO -       MonthlyCharges_qt  TotalCharges_qt
185           -0.848075        -1.883744
2715          -0.783330        -0.207805
3825          -2.119668        -0.180580
1807           0.231828        -1.309557
132           -0.419741         0.547886
2025-11-05 18:29:19,100 - INFO - (1409, 2)
2025-11-05 18:30:28,707 - INFO - (5634, 2)
2025-11-05 18:30:28,707 - INFO - Started
2025-11-05 18:30:28,729 - INFO - Done
2025-11-05 18:30:28,729 - INFO -       MonthlyCharges_qt  TotalCharges_qt
2142          -0.147316        -0.038911
1623           0.995273         1.027297
6074          -0.963839        -2.013875
1362          -0.018820        -0.896799
6754          -0.184216        -1.521194
2025-11-05 18:30:28,732 - INFO - (5634, 2)
2025-11-05 18:30:28,732 - INFO - (1409, 2)
2025-11-05 18:30:28,732 - INFO - Started
2025-11-05 18:30:28,748 - INFO - Done
2025-11-05 18:30:28,749 - INFO -       MonthlyCharges_qt  TotalCharges_qt
185           -0.848075        -1.883744
2715          -0.783330        -0.207805
3825          -2.119668        -0.180580
1807           0.231828        -1.309557
132           -0.419741         0.547886
2025-11-05 18:30:28,752 - INFO - (1409, 2)
2025-11-05 18:31:32,344 - INFO - (5634, 2)
2025-11-05 18:31:32,344 - INFO - Started
2025-11-05 18:31:32,348 - INFO - Done
2025-11-05 18:31:32,348 - INFO -       MonthlyCharges_qt  TotalCharges_qt
2142          -0.147316        -0.038911
1623           0.995273         1.027297
6074          -0.963839        -2.013875
1362          -0.018820        -0.896799
6754          -0.184216        -1.521194
2025-11-05 18:31:32,357 - INFO - (5634, 2)
2025-11-05 18:31:32,357 - INFO - (1409, 2)
2025-11-05 18:31:32,357 - INFO - Started
2025-11-05 18:31:32,363 - INFO - Done
2025-11-05 18:31:32,363 - INFO -       MonthlyCharges_qt  TotalCharges_qt
185           -0.848075        -1.883744
2715          -0.783330        -0.207805
3825          -2.119668        -0.180580
1807           0.231828        -1.309557
132           -0.419741         0.547886
2025-11-05 18:31:32,372 - INFO - (1409, 2)
2025-11-05 18:32:35,012 - INFO - (5634, 2)
2025-11-05 18:32:35,012 - INFO - Started
2025-11-05 18:32:35,016 - INFO - Done
2025-11-05 18:32:35,016 - INFO -       MonthlyCharges_qt  TotalCharges_qt
2142          -0.147316        -0.038911
1623           0.995273         1.027297
6074          -0.963839        -2.013875
1362          -0.018820        -0.896799
6754          -0.184216        -1.521194
2025-11-05 18:32:35,016 - INFO - (5634, 2)
2025-11-05 18:32:35,016 - INFO - (1409, 2)
2025-11-05 18:32:35,016 - INFO - Started
2025-11-05 18:32:35,030 - INFO - Done
2025-11-05 18:32:35,032 - INFO -       MonthlyCharges_qt  TotalCharges_qt
185           -0.848075        -1.883744
2715          -0.783330        -0.207805
3825          -2.119668        -0.180580
1807           0.231828        -1.309557
132           -0.419741         0.547886
2025-11-05 18:32:35,036 - INFO - (1409, 2)
2025-11-05 18:33:20,877 - INFO - (5634, 2)
2025-11-05 18:33:20,877 - INFO - Started
2025-11-05 18:33:20,889 - INFO - Done
2025-11-05 18:33:20,889 - INFO -       MonthlyCharges_qt  TotalCharges_qt
2142          -0.147316        -0.038911
1623           0.995273         1.027297
6074          -0.963839        -2.013875
1362          -0.018820        -0.896799
6754          -0.184216        -1.521194
2025-11-05 18:33:20,893 - INFO - (5634, 2)
2025-11-05 18:33:20,895 - INFO - (1409, 2)
2025-11-05 18:33:20,895 - INFO - Started
2025-11-05 18:33:20,903 - INFO - Done
2025-11-05 18:33:20,903 - INFO -       MonthlyCharges_qt  TotalCharges_qt
185           -0.848075        -1.883744
2715          -0.783330        -0.207805
3825          -2.119668        -0.180580
1807           0.231828        -1.309557
132           -0.419741         0.547886
2025-11-05 18:33:20,908 - INFO - (1409, 2)
2025-11-05 18:34:52,291 - INFO - (5634, 2)
2025-11-05 18:34:52,292 - INFO - Started
2025-11-05 18:34:52,302 - INFO - Done
2025-11-05 18:34:52,302 - INFO -       MonthlyCharges_qt  TotalCharges_qt
2142          -0.147316        -0.038911
1623           0.995273         1.027297
6074          -0.963839        -2.013875
1362          -0.018820        -0.896799
6754          -0.184216        -1.521194
2025-11-05 18:34:52,302 - INFO - (5634, 2)
2025-11-05 18:34:52,302 - INFO - (1409, 2)
2025-11-05 18:34:52,302 - INFO - Started
2025-11-05 18:34:52,302 - INFO - Done
2025-11-05 18:34:52,302 - INFO -       MonthlyCharges_qt  TotalCharges_qt
185           -0.848075        -1.883744
2715          -0.783330        -0.207805
3825          -2.119668        -0.180580
1807           0.231828        -1.309557
132           -0.419741         0.547886
2025-11-05 18:34:52,320 - INFO - (1409, 2)
2025-11-05 19:29:36,130 - INFO - (5634, 2)
2025-11-05 19:29:36,130 - INFO - Started
2025-11-05 19:29:36,130 - INFO - Done
2025-11-05 19:29:36,130 - INFO -       MonthlyCharges_qt  TotalCharges_qt
2142          -0.147316        -0.038911
1623           0.995273         1.027297
6074          -0.963839        -2.013875
1362          -0.018820        -0.896799
6754          -0.184216        -1.521194
2025-11-05 19:29:36,130 - INFO - (5634, 2)
2025-11-05 19:29:36,130 - INFO - (1409, 2)
2025-11-05 19:29:36,143 - INFO - Started
2025-11-05 19:29:36,145 - INFO - Done
2025-11-05 19:29:36,145 - INFO -       MonthlyCharges_qt  TotalCharges_qt
185           -0.848075        -1.883744
2715          -0.783330        -0.207805
3825          -2.119668        -0.180580
1807           0.231828        -1.309557
132           -0.419741         0.547886
2025-11-05 19:29:36,145 - INFO - (1409, 2)
2025-11-05 19:30:25,485 - INFO - (5634, 2)
2025-11-05 19:30:25,485 - INFO - Started
2025-11-05 19:30:25,485 - INFO - Done
2025-11-05 19:30:25,485 - INFO -       MonthlyCharges_qt  TotalCharges_qt
2142          -0.147316        -0.038911
1623           0.995273         1.027297
6074          -0.963839        -2.013875
1362          -0.018820        -0.896799
6754          -0.184216        -1.521194
2025-11-05 19:30:25,502 - INFO - (5634, 2)
2025-11-05 19:30:25,502 - INFO - (1409, 2)
2025-11-05 19:30:25,502 - INFO - Started
2025-11-05 19:30:25,502 - INFO - Done
2025-11-05 19:30:25,502 - INFO -       MonthlyCharges_qt  TotalCharges_qt
185           -0.848075        -1.883744
2715          -0.783330        -0.207805
3825          -2.119668        -0.180580
1807           0.231828        -1.309557
132           -0.419741         0.547886
2025-11-05 19:30:25,513 - INFO - (1409, 2)
